INFO:__main__:batch_size: 16
INFO:__main__:learning_rate: 5e-05
INFO:__main__:epochs: 30
INFO:__main__:train_length: 383
INFO:__main__:val_length: 128
INFO:__main__:test_length: 128
INFO:__main__:epoch: 1
INFO:__main__:train_acc: 0.8511749347258486
INFO:__main__:val_acc: 0.8359375
INFO:__main__:saved: TRUE
INFO:__main__:epoch: 2
INFO:__main__:train_acc: 0.9686684073107049
INFO:__main__:val_acc: 0.8984375
INFO:__main__:saved: TRUE
INFO:__main__:epoch: 3
INFO:__main__:train_acc: 0.9921671018276762
INFO:__main__:val_acc: 0.9140625
INFO:__main__:saved: TRUE
INFO:__main__:epoch: 4
INFO:__main__:train_acc: 0.9869451697127938
INFO:__main__:val_acc: 0.921875
INFO:__main__:saved: TRUE
INFO:__main__:epoch: 5
INFO:__main__:train_acc: 0.9947780678851175
INFO:__main__:val_acc: 0.953125
INFO:__main__:saved: TRUE
INFO:__main__:epoch: 6
INFO:__main__:train_acc: 1.0
INFO:__main__:val_acc: 0.9296875
INFO:__main__:saved: FALSE
INFO:__main__:epoch: 7
INFO:__main__:train_acc: 1.0
INFO:__main__:val_acc: 0.9140625
INFO:__main__:saved: FALSE
INFO:__main__:epoch: 8
INFO:__main__:train_acc: 1.0
INFO:__main__:val_acc: 0.9140625
INFO:__main__:saved: FALSE
INFO:__main__:epoch: 9
INFO:__main__:train_acc: 1.0
INFO:__main__:val_acc: 0.9140625
INFO:__main__:saved: FALSE
INFO:__main__:epoch: 10
INFO:__main__:train_acc: 1.0
INFO:__main__:val_acc: 0.921875
INFO:__main__:saved: FALSE
INFO:__main__:epoch: 11
INFO:__main__:train_acc: 1.0
INFO:__main__:val_acc: 0.921875
INFO:__main__:saved: FALSE
INFO:__main__:epoch: 12
INFO:__main__:train_acc: 1.0
INFO:__main__:val_acc: 0.921875
INFO:__main__:saved: FALSE
INFO:__main__:epoch: 13
INFO:__main__:train_acc: 1.0
INFO:__main__:val_acc: 0.921875
INFO:__main__:saved: FALSE
INFO:__main__:epoch: 14
INFO:__main__:train_acc: 1.0
INFO:__main__:val_acc: 0.921875
INFO:__main__:saved: FALSE
INFO:__main__:epoch: 15
INFO:__main__:train_acc: 1.0
INFO:__main__:val_acc: 0.921875
INFO:__main__:saved: FALSE
INFO:__main__:epoch: 16
INFO:__main__:train_acc: 1.0
INFO:__main__:val_acc: 0.921875
INFO:__main__:saved: FALSE
INFO:__main__:epoch: 17
INFO:__main__:train_acc: 1.0
INFO:__main__:val_acc: 0.921875
INFO:__main__:saved: FALSE
INFO:__main__:epoch: 18
INFO:__main__:train_acc: 1.0
INFO:__main__:val_acc: 0.921875
INFO:__main__:saved: FALSE
INFO:__main__:epoch: 19
INFO:__main__:train_acc: 1.0
INFO:__main__:val_acc: 0.921875
INFO:__main__:saved: FALSE
INFO:__main__:epoch: 20
INFO:__main__:train_acc: 1.0
INFO:__main__:val_acc: 0.921875
INFO:__main__:saved: FALSE
INFO:__main__:epoch: 21
INFO:__main__:train_acc: 1.0
INFO:__main__:val_acc: 0.921875
INFO:__main__:saved: FALSE
INFO:__main__:epoch: 22
INFO:__main__:train_acc: 1.0
INFO:__main__:val_acc: 0.921875
INFO:__main__:saved: FALSE
INFO:__main__:epoch: 23
INFO:__main__:train_acc: 1.0
INFO:__main__:val_acc: 0.921875
INFO:__main__:saved: FALSE
INFO:__main__:epoch: 24
INFO:__main__:train_acc: 1.0
INFO:__main__:val_acc: 0.921875
INFO:__main__:saved: FALSE
INFO:__main__:epoch: 25
INFO:__main__:train_acc: 1.0
INFO:__main__:val_acc: 0.921875
INFO:__main__:saved: FALSE
INFO:__main__:epoch: 26
INFO:__main__:train_acc: 1.0
INFO:__main__:val_acc: 0.9140625
INFO:__main__:saved: FALSE
INFO:__main__:epoch: 27
INFO:__main__:train_acc: 1.0
INFO:__main__:val_acc: 0.9140625
INFO:__main__:saved: FALSE
INFO:__main__:epoch: 28
INFO:__main__:train_acc: 1.0
INFO:__main__:val_acc: 0.9140625
INFO:__main__:saved: FALSE
INFO:__main__:epoch: 29
INFO:__main__:train_acc: 1.0
INFO:__main__:val_acc: 0.9140625
INFO:__main__:saved: FALSE
INFO:__main__:epoch: 30
INFO:__main__:train_acc: 1.0
INFO:__main__:val_acc: 0.9140625
INFO:__main__:saved: FALSE
INFO:__main__:test_acc: 0.9296875
INFO:__main__:pos_precision: 0.868421052631579
INFO:__main__:neg_precision: 0.9555555555555556
INFO:__main__:pos_recall: 0.8918918918918919
INFO:__main__:neg_recall: 0.945054945054945
INFO:__main__:pos_f1: 0.88
INFO:__main__:neg_f1: 0.9502762430939227
INFO:__main__:applied_to: 1574
